-------------------------------------------------------------------------------
Test set: br.com.maddytec.cliente.ClienteApplicationTests
-------------------------------------------------------------------------------
Tests run: 1, Failures: 0, Errors: 1, Skipped: 0, Time elapsed: 5.197 s <<< FAILURE! - in br.com.maddytec.cliente.ClienteApplicationTests
contextLoads  Time elapsed: 0.008 s  <<< ERROR!
java.lang.IllegalStateException: Failed to load ApplicationContext
Caused by: org.springframework.beans.factory.UnsatisfiedDependencyException: Error creating bean with name 'produtoController' defined in file [C:\Users\joao.martins\Documents\GerenciadorDeGaragem\apiControleDeEstoque\target\classes\br\com\controller\produtoController.class]: Unsatisfied dependency expressed through constructor parameter 0; nested exception is org.springframework.beans.factory.NoSuchBeanDefinitionException: No qualifying bean of type 'br.com.service.ProdutoService' available: expected at least 1 bean which qualifies as autowire candidate. Dependency annotations: {}
Caused by: org.springframework.beans.factory.NoSuchBeanDefinitionException: No qualifying bean of type 'br.com.service.ProdutoService' available: expected at least 1 bean which qualifies as autowire candidate. Dependency annotations: {}

